MAMAndroid/app/build/outputs/logs/manifest-merger-debug-report.txt
-- Merging decision tree log ---
manifest
ADDED from src/main/AndroidManifest.xml:2:1-67:12
	package
		ADDED from src/main/AndroidManifest.xml:3:5-67
		INJECTED from src/main/AndroidManifest.xml
		INJECTED from src/main/AndroidManifest.xml
	android:versionName
		INJECTED from src/main/AndroidManifest.xml
		INJECTED from src/main/AndroidManifest.xml
	xmlns:android
		ADDED from src/main/AndroidManifest.xml:2:11-69
	android:versionCode
		INJECTED from src/main/AndroidManifest.xml
		INJECTED from src/main/AndroidManifest.xml
uses-permission#android.permission.INTERNET
ADDED from src/main/AndroidManifest.xml:5:5-67
	android:name
		ADDED from src/main/AndroidManifest.xml:5:22-64
uses-permission#android.permission.ACCESS_NETWORK_STATE
ADDED from src/main/AndroidManifest.xml:6:5-79
	android:name
		ADDED from src/main/AndroidManifest.xml:6:22-76
application
ADDED from src/main/AndroidManifest.xml:8:5-65:19
MERGED from [com.android.support:appcompat-v7:23.2.1] AndroidManifest.xml:25:5-20
MERGED from [com.android.support:support-v4:23.2.1] AndroidManifest.xml:22:5-20
MERGED from [com.android.support:animated-vector-drawable:23.2.1] AndroidManifest.xml:7:5-20
MERGED from [com.android.support:support-vector-drawable:23.2.1] AndroidManifest.xml:7:5-20
MERGED from [com.android.support:support-v4:23.2.1] AndroidManifest.xml:22:5-20
MERGED from [com.android.support:support-vector-drawable:23.2.1] AndroidManifest.xml:7:5-20
MERGED from [com.android.support:support-v4:23.2.1] AndroidManifest.xml:22:5-20
MERGED from [com.android.support:design:23.1.1] AndroidManifest.xml:22:5-20
MERGED from [com.android.support:appcompat-v7:23.2.1] AndroidManifest.xml:25:5-20
MERGED from [com.android.support:support-v4:23.2.1] AndroidManifest.xml:22:5-20
MERGED from [com.android.support:animated-vector-drawable:23.2.1] AndroidManifest.xml:7:5-20
MERGED from [com.android.support:support-vector-drawable:23.2.1] AndroidManifest.xml:7:5-20
MERGED from [com.android.support:support-v4:23.2.1] AndroidManifest.xml:22:5-20
MERGED from [com.android.support:support-vector-drawable:23.2.1] AndroidManifest.xml:7:5-20
MERGED from [com.android.support:support-v4:23.2.1] AndroidManifest.xml:22:5-20
MERGED from [com.android.support:support-v4:23.2.1] AndroidManifest.xml:22:5-20
MERGED from [com.android.support:support-v4:23.2.1] AndroidManifest.xml:22:5-20
	android:label
		ADDED from src/main/AndroidManifest.xml:11:9-41
	android:supportsRtl
		ADDED from src/main/AndroidManifest.xml:12:9-35
	android:allowBackup
		ADDED from src/main/AndroidManifest.xml:9:9-35
	android:icon
		ADDED from src/main/AndroidManifest.xml:10:9-39
	android:theme
		ADDED from src/main/AndroidManifest.xml:13:9-40
activity#com.amazonaws.youruserpools.MainActivity
ADDED from src/main/AndroidManifest.xml:14:9-22:20
	android:theme
		ADDED from src/main/AndroidManifest.xml:16:13-56
	android:name
		ADDED from src/main/AndroidManifest.xml:15:13-68
intent-filter#android.intent.action.MAIN+android.intent.category.LAUNCHER
ADDED from src/main/AndroidManifest.xml:17:13-21:29
action#android.intent.action.MAIN
ADDED from src/main/AndroidManifest.xml:18:17-69
	android:name
		ADDED from src/main/AndroidManifest.xml:18:25-66
category#android.intent.category.LAUNCHER
ADDED from src/main/AndroidManifest.xml:20:17-77
	android:name
		ADDED from src/main/AndroidManifest.xml:20:27-74
activity#com.amazonaws.youruserpools.UserActivity
ADDED from src/main/AndroidManifest.xml:23:9-26:59
	android:label
		ADDED from src/main/AndroidManifest.xml:25:13-56
	android:theme
		ADDED from src/main/AndroidManifest.xml:26:13-56
	android:name
		ADDED from src/main/AndroidManifest.xml:24:13-68
activity#com.amazonaws.youruserpools.RegisterUser
ADDED from src/main/AndroidManifest.xml:27:9-29:59
	android:theme
		ADDED from src/main/AndroidManifest.xml:29:13-56
	android:name
		ADDED from src/main/AndroidManifest.xml:28:13-68
activity#com.amazonaws.youruserpools.SlidingTabActivity
ADDED from src/main/AndroidManifest.xml:30:9-32:20
	android:theme
		ADDED from src/main/AndroidManifest.xml:31:19-62
	android:name
		ADDED from src/main/AndroidManifest.xml:30:19-80
activity#com.amazonaws.youruserpools.AboutApp
ADDED from src/main/AndroidManifest.xml:33:9-36:59
	android:label
		ADDED from src/main/AndroidManifest.xml:35:13-61
	android:theme
		ADDED from src/main/AndroidManifest.xml:36:13-56
	android:name
		ADDED from src/main/AndroidManifest.xml:34:13-64
activity#com.amazonaws.youruserpools.SignUpConfirm
ADDED from src/main/AndroidManifest.xml:37:9-40:59
	android:label
		ADDED from src/main/AndroidManifest.xml:39:13-67
	android:theme
		ADDED from src/main/AndroidManifest.xml:40:13-56
	android:name
		ADDED from src/main/AndroidManifest.xml:38:13-69
activity#com.amazonaws.youruserpools.MFAActivity
ADDED from src/main/AndroidManifest.xml:41:9-44:59
	android:label
		ADDED from src/main/AndroidManifest.xml:43:13-55
	android:theme
		ADDED from src/main/AndroidManifest.xml:44:13-56
	android:name
		ADDED from src/main/AndroidManifest.xml:42:13-67
activity#com.amazonaws.youruserpools.ForgotPasswordActivity
ADDED from src/main/AndroidManifest.xml:45:9-48:59
	android:label
		ADDED from src/main/AndroidManifest.xml:47:13-67
	android:theme
		ADDED from src/main/AndroidManifest.xml:48:13-56
	android:name
		ADDED from src/main/AndroidManifest.xml:46:13-78
activity#com.amazonaws.youruserpools.SettingsActivity
ADDED from src/main/AndroidManifest.xml:49:9-52:59
	android:label
		ADDED from src/main/AndroidManifest.xml:51:13-60
	android:theme
		ADDED from src/main/AndroidManifest.xml:52:13-56
	android:name
		ADDED from src/main/AndroidManifest.xml:50:13-72
activity#com.amazonaws.youruserpools.ChangePasswordActivity
ADDED from src/main/AndroidManifest.xml:53:9-56:59
	android:label
		ADDED from src/main/AndroidManifest.xml:55:13-67
	android:theme
		ADDED from src/main/AndroidManifest.xml:56:13-56
	android:name
		ADDED from src/main/AndroidManifest.xml:54:13-78
activity#com.amazonaws.youruserpools.VerifyActivity
ADDED from src/main/AndroidManifest.xml:57:9-60:59
	android:label
		ADDED from src/main/AndroidManifest.xml:59:13-58
	android:theme
		ADDED from src/main/AndroidManifest.xml:60:13-56
	android:name
		ADDED from src/main/AndroidManifest.xml:58:13-70
activity#com.amazonaws.youruserpools.AddAttributeActivity
ADDED from src/main/AndroidManifest.xml:61:9-64:68
	android:label
		ADDED from src/main/AndroidManifest.xml:63:13-65
	android:theme
		ADDED from src/main/AndroidManifest.xml:64:13-56
	android:name
		ADDED from src/main/AndroidManifest.xml:62:13-76
uses-sdk
INJECTED from src/main/AndroidManifest.xml reason: use-sdk injection requested
MERGED from [com.android.support:appcompat-v7:23.2.1] AndroidManifest.xml:21:5-23:78
MERGED from [com.android.support:support-v4:23.2.1] AndroidManifest.xml:20:5-43
MERGED from [com.android.support:animated-vector-drawable:23.2.1] AndroidManifest.xml:5:5-44
MERGED from [com.android.support:support-vector-drawable:23.2.1] AndroidManifest.xml:5:5-43
MERGED from [com.android.support:support-v4:23.2.1] AndroidManifest.xml:20:5-43
MERGED from [com.android.support:support-vector-drawable:23.2.1] AndroidManifest.xml:5:5-43
MERGED from [com.android.support:support-v4:23.2.1] AndroidManifest.xml:20:5-43
MERGED from [com.android.support:design:23.1.1] AndroidManifest.xml:20:5-43
MERGED from [com.android.support:appcompat-v7:23.2.1] AndroidManifest.xml:21:5-23:78
MERGED from [com.android.support:support-v4:23.2.1] AndroidManifest.xml:20:5-43
MERGED from [com.android.support:animated-vector-drawable:23.2.1] AndroidManifest.xml:5:5-44
MERGED from [com.android.support:support-vector-drawable:23.2.1] AndroidManifest.xml:5:5-43
MERGED from [com.android.support:support-v4:23.2.1] AndroidManifest.xml:20:5-43
MERGED from [com.android.support:support-vector-drawable:23.2.1] AndroidManifest.xml:5:5-43
MERGED from [com.android.support:support-v4:23.2.1] AndroidManifest.xml:20:5-43
MERGED from [com.android.support:recyclerview-v7:23.1.1] AndroidManifest.xml:20:5-43
MERGED from [com.android.support:support-v4:23.2.1] AndroidManifest.xml:20:5-43
MERGED from [com.android.support:support-v4:23.2.1] AndroidManifest.xml:20:5-43
	tools:overrideLibrary
		ADDED from [com.android.support:appcompat-v7:23.2.1] AndroidManifest.xml:23:9-75
	android:targetSdkVersion
		INJECTED from src/main/AndroidManifest.xml
		INJECTED from src/main/AndroidManifest.xml
	android:minSdkVersion
		INJECTED from src/main/AndroidManifest.xml
		INJECTED from src/main/AndroidManifest.xml